c:\users\user\desktop\cuda_iid\cuda_iid\x64\release\vc141.pdb
c:\users\user\desktop\cuda_iid\cuda_iid\x64\release\utils.obj
c:\users\user\desktop\cuda_iid\cuda_iid\x64\release\statistical_test.obj
c:\users\user\desktop\cuda_iid\cuda_iid\x64\release\main.obj
c:\users\user\desktop\cuda_iid\cuda_iid\x64\release\permutation_testing.obj
d:\yeah 대학원\3. 저널_학술대회_논문_발표자료\논문지\202009 peerj_accelerated_implementation_for_testing_iid_assumption_of_nist_sp_800_90b_using_gpu\개정\과정\cuda_iid - 복사본\cuda_iid\x64\release\vc141.pdb
d:\yeah 대학원\3. 저널_학술대회_논문_발표자료\논문지\202009 peerj_accelerated_implementation_for_testing_iid_assumption_of_nist_sp_800_90b_using_gpu\개정\과정\cuda_iid - 복사본\cuda_iid\x64\release\utils.obj
d:\yeah 대학원\3. 저널_학술대회_논문_발표자료\논문지\202009 peerj_accelerated_implementation_for_testing_iid_assumption_of_nist_sp_800_90b_using_gpu\개정\과정\cuda_iid - 복사본\cuda_iid\x64\release\statistical_test.obj
d:\yeah 대학원\3. 저널_학술대회_논문_발표자료\논문지\202009 peerj_accelerated_implementation_for_testing_iid_assumption_of_nist_sp_800_90b_using_gpu\개정\과정\cuda_iid - 복사본\cuda_iid\x64\release\permutation_testing.obj
d:\yeah 대학원\3. 저널_학술대회_논문_발표자료\논문지\202009 peerj_accelerated_implementation_for_testing_iid_assumption_of_nist_sp_800_90b_using_gpu\개정\과정\cuda_iid - 복사본\cuda_iid\x64\release\main.obj
c:\users\user\desktop\[peerj] re-revision\exp1_cuda_iid\cuda_iid\x64\release\vc141.pdb
c:\users\user\desktop\[peerj] re-revision\exp1_cuda_iid\cuda_iid\x64\release\utils.obj
c:\users\user\desktop\[peerj] re-revision\exp1_cuda_iid\cuda_iid\x64\release\statistical_test.obj
c:\users\user\desktop\[peerj] re-revision\exp1_cuda_iid\cuda_iid\x64\release\permutation_testing.obj
c:\users\user\desktop\[peerj] re-revision\exp1_cuda_iid\cuda_iid\x64\release\main.obj
c:\users\user\desktop\[peerj] re-revision\exp2_cuda_iid_5000\cuda_iid\x64\release\vc141.pdb
c:\users\user\desktop\[peerj] re-revision\exp2_cuda_iid_5000\cuda_iid\x64\release\utils.obj
c:\users\user\desktop\[peerj] re-revision\exp2_cuda_iid_5000\cuda_iid\x64\release\statistical_test.obj
c:\users\user\desktop\[peerj] re-revision\exp2_cuda_iid_5000\cuda_iid\x64\release\permutation_testing.obj
c:\users\user\desktop\[peerj] re-revision\exp2_cuda_iid_5000\cuda_iid\x64\release\main.obj
c:\users\user\desktop\[peerj] re-revision\exp2_cuda_iid_5000 - 복사본\cuda_iid\x64\release\vc141.pdb
c:\users\user\desktop\[peerj] re-revision\exp2_cuda_iid_5000 - 복사본\cuda_iid\x64\release\utils.obj
c:\users\user\desktop\[peerj] re-revision\exp2_cuda_iid_5000 - 복사본\cuda_iid\x64\release\statistical_test.obj
c:\users\user\desktop\[peerj] re-revision\exp2_cuda_iid_5000 - 복사본\cuda_iid\x64\release\permutation_testing.obj
c:\users\user\desktop\[peerj] re-revision\exp2_cuda_iid_5000 - 복사본\cuda_iid\x64\release\main.obj
x64\release\gpu_permutation_testing.cu.obj
c:\users\user\desktop\cuda_iid\x64\release\cuda_iid.lib
c:\users\user\desktop\cuda_iid\x64\release\cuda_iid.exp
c:\users\user\desktop\cuda_iid\x64\release\cuda_iid.ipdb
c:\users\user\desktop\cuda_iid\x64\release\cuda_iid.iobj
d:\yeah 대학원\3. 저널_학술대회_논문_발표자료\논문지\202009 peerj_accelerated_implementation_for_testing_iid_assumption_of_nist_sp_800_90b_using_gpu\개정\과정\cuda_iid - 복사본\x64\release\cuda_iid.lib
d:\yeah 대학원\3. 저널_학술대회_논문_발표자료\논문지\202009 peerj_accelerated_implementation_for_testing_iid_assumption_of_nist_sp_800_90b_using_gpu\개정\과정\cuda_iid - 복사본\x64\release\cuda_iid.exp
d:\yeah 대학원\3. 저널_학술대회_논문_발표자료\논문지\202009 peerj_accelerated_implementation_for_testing_iid_assumption_of_nist_sp_800_90b_using_gpu\개정\과정\cuda_iid - 복사본\x64\release\cuda_iid.ipdb
d:\yeah 대학원\3. 저널_학술대회_논문_발표자료\논문지\202009 peerj_accelerated_implementation_for_testing_iid_assumption_of_nist_sp_800_90b_using_gpu\개정\과정\cuda_iid - 복사본\x64\release\cuda_iid.iobj
c:\users\user\desktop\[peerj] re-revision\exp1_cuda_iid\x64\release\cuda_iid.lib
c:\users\user\desktop\[peerj] re-revision\exp1_cuda_iid\x64\release\cuda_iid.exp
c:\users\user\desktop\[peerj] re-revision\exp1_cuda_iid\x64\release\cuda_iid.ipdb
c:\users\user\desktop\[peerj] re-revision\exp1_cuda_iid\x64\release\cuda_iid.iobj
c:\users\user\desktop\[peerj] re-revision\exp2_cuda_iid_5000\x64\release\cuda_iid.lib
c:\users\user\desktop\[peerj] re-revision\exp2_cuda_iid_5000\x64\release\cuda_iid.exp
c:\users\user\desktop\[peerj] re-revision\exp2_cuda_iid_5000\x64\release\cuda_iid.ipdb
c:\users\user\desktop\[peerj] re-revision\exp2_cuda_iid_5000\x64\release\cuda_iid.iobj
c:\users\user\desktop\[peerj] re-revision\exp2_cuda_iid_5000 - 복사본\x64\release\cuda_iid.lib
c:\users\user\desktop\[peerj] re-revision\exp2_cuda_iid_5000 - 복사본\x64\release\cuda_iid.exp
c:\users\user\desktop\[peerj] re-revision\exp2_cuda_iid_5000 - 복사본\x64\release\cuda_iid.ipdb
c:\users\user\desktop\[peerj] re-revision\exp2_cuda_iid_5000 - 복사본\x64\release\cuda_iid.iobj
c:\users\user\desktop\cuda_iid\x64\release\cuda_iid.exe
c:\users\user\desktop\cuda_iid\x64\release\cuda_iid.pdb
d:\yeah 대학원\3. 저널_학술대회_논문_발표자료\논문지\202009 peerj_accelerated_implementation_for_testing_iid_assumption_of_nist_sp_800_90b_using_gpu\개정\과정\cuda_iid - 복사본\x64\release\cuda_iid.exe
d:\yeah 대학원\3. 저널_학술대회_논문_발표자료\논문지\202009 peerj_accelerated_implementation_for_testing_iid_assumption_of_nist_sp_800_90b_using_gpu\개정\과정\cuda_iid - 복사본\x64\release\cuda_iid.pdb
c:\users\user\desktop\[peerj] re-revision\exp1_cuda_iid\x64\release\cuda_iid.exe
c:\users\user\desktop\[peerj] re-revision\exp1_cuda_iid\x64\release\cuda_iid.pdb
c:\users\user\desktop\[peerj] re-revision\exp2_cuda_iid_5000\x64\release\cuda_iid.exe
c:\users\user\desktop\[peerj] re-revision\exp2_cuda_iid_5000\x64\release\cuda_iid.pdb
c:\users\user\desktop\[peerj] re-revision\exp2_cuda_iid_5000 - 복사본\x64\release\cuda_iid.exe
c:\users\user\desktop\[peerj] re-revision\exp2_cuda_iid_5000 - 복사본\x64\release\cuda_iid.pdb
c:\users\user\desktop\[peerj] re-revision\exp2_cuda_iid_5000 - 복사본\cuda_iid\x64\release\gpu_permutation_testing.cu.cache
c:\users\user\desktop\[peerj] re-revision\exp2_cuda_iid_5000 - 복사본\cuda_iid\x64\release\kernel.cu.cache
c:\users\user\desktop\[peerj] re-revision\exp2_cuda_iid_5000 - 복사본\cuda_iid\x64\release\gpu_permutation_testing.cu.obj
c:\users\user\desktop\[peerj] re-revision\exp2_cuda_iid_5000 - 복사본\cuda_iid\x64\release\kernel.cu.obj
c:\users\user\desktop\[peerj] re-revision\exp2_cuda_iid_5000 - 복사본\cuda_iid\x64\release\cuda_iid.tlog\cl.command.1.tlog
c:\users\user\desktop\[peerj] re-revision\exp2_cuda_iid_5000 - 복사본\cuda_iid\x64\release\cuda_iid.tlog\cl.read.1.tlog
c:\users\user\desktop\[peerj] re-revision\exp2_cuda_iid_5000 - 복사본\cuda_iid\x64\release\cuda_iid.tlog\cl.write.1.tlog
c:\users\user\desktop\[peerj] re-revision\exp2_cuda_iid_5000 - 복사본\cuda_iid\x64\release\cuda_iid.tlog\cudacompile.read.1u.tlog
c:\users\user\desktop\[peerj] re-revision\exp2_cuda_iid_5000 - 복사본\cuda_iid\x64\release\cuda_iid.tlog\cudacompile.write.1u.tlog
c:\users\user\desktop\[peerj] re-revision\exp2_cuda_iid_5000 - 복사본\cuda_iid\x64\release\cuda_iid.tlog\cuda_iid.write.1u.tlog
c:\users\user\desktop\[peerj] re-revision\exp2_cuda_iid_5000 - 복사본\cuda_iid\x64\release\cuda_iid.tlog\link.command.1.tlog
c:\users\user\desktop\[peerj] re-revision\exp2_cuda_iid_5000 - 복사본\cuda_iid\x64\release\cuda_iid.tlog\link.read.1.tlog
c:\users\user\desktop\[peerj] re-revision\exp2_cuda_iid_5000 - 복사본\cuda_iid\x64\release\cuda_iid.tlog\link.write.1.tlog
